<?xml version="1.0" encoding="UTF-8"?>
<!-- Generated by org.testng.reporters.JUnitReportReporter -->
<testsuite hostname="EPINGUGW0041" failures="0" tests="1" name="com.app.tests.SmokeTests" time="0.007" errors="0" timestamp="27 May 2022 06:03:03 GMT" skipped="0">
  <testcase classname="com.app.tests.SmokeTests" name="smokeTest1" time="0.007"/>
</testsuite> <!-- com.app.tests.SmokeTests -->
