<?xml version="1.0" encoding="UTF-8"?>
<!-- Generated by org.testng.reporters.JUnitReportReporter -->
<testsuite hostname="EPINGUGW0041" failures="0" tests="1" name="com.app.tests.RegressionTests" time="0.008" errors="0" timestamp="27 May 2022 06:02:52 GMT" skipped="0">
  <testcase classname="com.app.tests.RegressionTests" name="regressionTest1" time="0.008"/>
</testsuite> <!-- com.app.tests.RegressionTests -->
