<?xml version="1.0" encoding="UTF-8"?>
<!-- Generated by org.testng.reporters.JUnitReportReporter -->
<testsuite hostname="EPINGUGW0041" failures="0" tests="1" name="com.app.tests.SmokeTests" time="0.009" errors="0" timestamp="25 May 2022 14:05:00 GMT" skipped="0">
  <testcase classname="com.app.tests.SmokeTests" name="Test1" time="0.009"/>
</testsuite> <!-- com.app.tests.SmokeTests -->
