<?xml version="1.0" encoding="UTF-8"?>
<!-- Generated by org.testng.reporters.JUnitReportReporter -->
<testsuite skipped="0" hostname="EPINGUGW0041" name="com.app.tests.RegressionTests" tests="1" failures="0" timestamp="27 May 2022 06:12:22 GMT" time="0.005" errors="0">
  <testcase name="regressionTest1" time="0.005" classname="com.app.tests.RegressionTests"/>
</testsuite> <!-- com.app.tests.RegressionTests -->
