<?xml version="1.0" encoding="UTF-8"?>
<!-- Generated by org.testng.reporters.JUnitReportReporter -->
<testsuite skipped="0" hostname="EPINGUGW0041" name="com.app.tests.SmokeTests" tests="1" failures="0" timestamp="27 May 2022 06:11:45 GMT" time="0.005" errors="0">
  <testcase name="smokeTest1" time="0.005" classname="com.app.tests.SmokeTests"/>
</testsuite> <!-- com.app.tests.SmokeTests -->
